build/app/intermediates/manifest_merge_blame_file/debug/manifest-merger-blame-debug-report.txt
1<?xml version="1.0" encoding="utf-8"?>
2<manifest xmlns:android="http://schemas.android.com/apk/res/android"
3    package="com.virelic.qpv_client_app"
4    android:versionCode="1"
5    android:versionName="1.0.0" >
6
7    <uses-sdk
8        android:minSdkVersion="21"
9        android:targetSdkVersion="30" />
10    <!--
11         Flutter needs it to communicate with the running application
12         to allow setting breakpoints, to provide hot reload, etc.
13    -->
14    <uses-permission android:name="android.permission.INTERNET" />
14-->src/debug/AndroidManifest.xml:6:5-66
14-->src/debug/AndroidManifest.xml:6:22-64
15    <uses-permission android:name="android.permission.READ_EXTERNAL_STORAGE" />
15-->[:image_picker] AndroidManifest.xml:7:5-80
15-->[:image_picker] AndroidManifest.xml:7:22-77
16    <uses-permission android:name="android.permission.WRITE_EXTERNAL_STORAGE" />
16-->[:image_picker] AndroidManifest.xml:8:5-81
16-->[:image_picker] AndroidManifest.xml:8:22-78
17    <uses-permission android:name="android.permission.CAMERA" />
17-->[:camera] AndroidManifest.xml:7:5-65
17-->[:camera] AndroidManifest.xml:7:22-62
18    <uses-permission android:name="android.permission.RECORD_AUDIO" />
18-->[:camera] AndroidManifest.xml:8:5-71
18-->[:camera] AndroidManifest.xml:8:22-68
19    <uses-permission android:name="android.permission.ACCESS_NETWORK_STATE" />
19-->[com.google.android.gms:play-services-measurement:18.0.0] AndroidManifest.xml:24:5-79
19-->[com.google.android.gms:play-services-measurement:18.0.0] AndroidManifest.xml:24:22-76
20    <uses-permission android:name="android.permission.WAKE_LOCK" />
20-->[com.google.android.gms:play-services-measurement:18.0.0] AndroidManifest.xml:25:5-68
20-->[com.google.android.gms:play-services-measurement:18.0.0] AndroidManifest.xml:25:22-65
21    <uses-permission android:name="com.google.android.finsky.permission.BIND_GET_INSTALL_REFERRER_SERVICE" />
21-->[com.google.android.gms:play-services-measurement:18.0.0] AndroidManifest.xml:26:5-110
21-->[com.google.android.gms:play-services-measurement:18.0.0] AndroidManifest.xml:26:22-107
22
23    <uses-feature
23-->[com.google.android.gms:play-services-maps:17.0.0] AndroidManifest.xml:26:5-28:35
24        android:glEsVersion="0x00020000"
24-->[com.google.android.gms:play-services-maps:17.0.0] AndroidManifest.xml:27:9-41
25        android:required="true" /> <!-- Required by older versions of Google Play services to create IID tokens -->
25-->[com.google.android.gms:play-services-maps:17.0.0] AndroidManifest.xml:28:9-32
26    <uses-permission android:name="com.google.android.c2dm.permission.RECEIVE" />
26-->[com.google.firebase:firebase-iid:20.3.0] AndroidManifest.xml:26:5-82
26-->[com.google.firebase:firebase-iid:20.3.0] AndroidManifest.xml:26:22-79
27    <!--
28 io.flutter.app.FlutterApplication is an android.app.Application that
29         calls FlutterMain.startInitialization(this); in its onCreate method.
30         In most cases you can leave this as-is, but you if you want to provide
31         additional functionality it is fine to subclass or reimplement
32         FlutterApplication and put your custom class here.
33    -->
34    <application
34-->src/main/AndroidManifest.xml:8:5-74:19
35        android:name="io.flutter.app.FlutterApplication"
35-->src/main/AndroidManifest.xml:9:9-57
36        android:appComponentFactory="androidx.core.app.CoreComponentFactory"
36-->[androidx.core:core:1.1.0] AndroidManifest.xml:24:18-86
37        android:debuggable="true"
38        android:icon="@mipmap/ic_launcher"
38-->src/main/AndroidManifest.xml:11:9-43
39        android:label="qpv_client_app"
39-->src/main/AndroidManifest.xml:10:9-39
40        android:supportsRtl="true" >
40-->[com.facebook.android:facebook-login:5.5.1] AndroidManifest.xml:28:18-44
41        <activity
41-->src/main/AndroidManifest.xml:12:9-44:20
42            android:name="com.virelic.qpv_client_app.MainActivity"
42-->src/main/AndroidManifest.xml:13:13-41
43            android:configChanges="orientation|keyboardHidden|keyboard|screenSize|smallestScreenSize|locale|layoutDirection|fontScale|screenLayout|density|uiMode"
43-->src/main/AndroidManifest.xml:16:13-163
44            android:hardwareAccelerated="true"
44-->src/main/AndroidManifest.xml:17:13-47
45            android:launchMode="singleTop"
45-->src/main/AndroidManifest.xml:14:13-43
46            android:theme="@style/LaunchTheme"
46-->src/main/AndroidManifest.xml:15:13-47
47            android:windowSoftInputMode="adjustResize" >
47-->src/main/AndroidManifest.xml:18:13-55
48
49            <!--
50                 Specifies an Android theme to apply to this Activity as soon as
51                 the Android process has started. This theme is visible to the user
52                 while the Flutter UI initializes. After that, this theme continues
53                 to determine the Window background behind the Flutter UI.
54            -->
55            <meta-data
55-->src/main/AndroidManifest.xml:23:13-26:17
56                android:name="io.flutter.embedding.android.NormalTheme"
56-->src/main/AndroidManifest.xml:24:15-70
57                android:resource="@style/NormalTheme" />
57-->src/main/AndroidManifest.xml:25:15-52
58            <!--
59                 Displays an Android View that continues showing the launch screen
60                 Drawable until Flutter paints its first frame, then this splash
61                 screen fades out. A splash screen is useful to avoid any visual
62                 gap between the end of Android's launch screen and the painting of
63                 Flutter's first frame.
64            -->
65            <meta-data
65-->src/main/AndroidManifest.xml:32:13-35:17
66                android:name="io.flutter.embedding.android.SplashScreenDrawable"
66-->src/main/AndroidManifest.xml:33:15-79
67                android:resource="@drawable/launch_background" />
67-->src/main/AndroidManifest.xml:34:15-61
68
69            <intent-filter>
69-->src/main/AndroidManifest.xml:36:13-39:29
70                <action android:name="android.intent.action.MAIN" />
70-->src/main/AndroidManifest.xml:37:17-68
70-->src/main/AndroidManifest.xml:37:25-66
71
72                <category android:name="android.intent.category.LAUNCHER" />
72-->src/main/AndroidManifest.xml:38:17-76
72-->src/main/AndroidManifest.xml:38:27-74
73            </intent-filter>
74            <intent-filter>
74-->src/main/AndroidManifest.xml:40:13-43:29
75                <action android:name="FLUTTER_NOTIFICATION_CLICK" />
75-->src/main/AndroidManifest.xml:41:17-69
75-->src/main/AndroidManifest.xml:41:25-66
76
77                <category android:name="android.intent.category.DEFAULT" />
77-->src/main/AndroidManifest.xml:42:17-76
77-->src/main/AndroidManifest.xml:42:27-73
78            </intent-filter>
79        </activity>
80
81        <meta-data
81-->src/main/AndroidManifest.xml:45:9-46:54
82            android:name="com.facebook.sdk.ApplicationId"
82-->src/main/AndroidManifest.xml:45:20-65
83            android:value="@string/facebook_app_id" />
83-->src/main/AndroidManifest.xml:46:13-52
84
85        <activity
85-->src/main/AndroidManifest.xml:48:9-51:48
86            android:name="com.facebook.FacebookActivity"
86-->src/main/AndroidManifest.xml:48:19-63
87            android:configChanges="keyboard|keyboardHidden|screenLayout|screenSize|orientation"
87-->src/main/AndroidManifest.xml:49:13-113
88            android:label="@string/app_name"
88-->src/main/AndroidManifest.xml:51:13-45
89            android:theme="@style/com_facebook_activity_theme" />
89-->[com.facebook.android:facebook-common:5.5.1] AndroidManifest.xml:32:13-63
90        <activity
90-->src/main/AndroidManifest.xml:53:9-62:20
91            android:name="com.facebook.CustomTabActivity"
91-->src/main/AndroidManifest.xml:54:13-58
92            android:exported="true" >
92-->src/main/AndroidManifest.xml:55:13-36
93            <intent-filter>
93-->src/main/AndroidManifest.xml:56:13-61:29
94                <action android:name="android.intent.action.VIEW" />
94-->src/main/AndroidManifest.xml:57:17-69
94-->src/main/AndroidManifest.xml:57:25-66
95
96                <category android:name="android.intent.category.DEFAULT" />
96-->src/main/AndroidManifest.xml:42:17-76
96-->src/main/AndroidManifest.xml:42:27-73
97                <category android:name="android.intent.category.BROWSABLE" />
97-->src/main/AndroidManifest.xml:59:17-78
97-->src/main/AndroidManifest.xml:59:27-75
98
99                <data android:scheme="@string/fb_login_protocol_scheme" />
99-->src/main/AndroidManifest.xml:60:17-75
99-->src/main/AndroidManifest.xml:60:23-72
100            </intent-filter>
101        </activity>
102
103        <!--
104             Don't delete the meta-data below.
105             This is used by the Flutter tool to generate GeneratedPluginRegistrant.java
106        -->
107        <meta-data
107-->src/main/AndroidManifest.xml:67:9-69:33
108            android:name="flutterEmbedding"
108-->src/main/AndroidManifest.xml:68:13-44
109            android:value="2" />
109-->src/main/AndroidManifest.xml:69:13-30
110        <meta-data
110-->src/main/AndroidManifest.xml:71:9-73:35
111            android:name="com.google.firebase.ml.vision.DEPENDENCIES"
111-->src/main/AndroidManifest.xml:72:13-70
112            android:value="ocr" />
112-->src/main/AndroidManifest.xml:73:13-32
113
114        <provider
114-->[:image_picker] AndroidManifest.xml:11:9-19:20
115            android:name="io.flutter.plugins.imagepicker.ImagePickerFileProvider"
115-->[:image_picker] AndroidManifest.xml:12:13-82
116            android:authorities="com.virelic.qpv_client_app.flutter.image_provider"
116-->[:image_picker] AndroidManifest.xml:13:13-74
117            android:exported="false"
117-->[:image_picker] AndroidManifest.xml:14:13-37
118            android:grantUriPermissions="true" >
118-->[:image_picker] AndroidManifest.xml:15:13-47
119            <meta-data
119-->[:image_picker] AndroidManifest.xml:16:13-18:75
120                android:name="android.support.FILE_PROVIDER_PATHS"
120-->[:image_picker] AndroidManifest.xml:17:17-67
121                android:resource="@xml/flutter_image_picker_file_paths" />
121-->[:image_picker] AndroidManifest.xml:18:17-72
122        </provider>
123
124        <service
124-->[:cloud_firestore] AndroidManifest.xml:8:9-12:19
125            android:name="com.google.firebase.components.ComponentDiscoveryService"
125-->[:cloud_firestore] AndroidManifest.xml:8:18-89
126            android:directBootAware="true"
126-->[com.google.firebase:firebase-common:19.3.1] AndroidManifest.xml:35:13-43
127            android:exported="false" >
127-->[com.google.firebase:firebase-ml-vision:24.1.0] AndroidManifest.xml:11:13-37
128            <meta-data
128-->[:cloud_firestore] AndroidManifest.xml:9:13-11:85
129                android:name="com.google.firebase.components:io.flutter.plugins.firebase.firestore.FlutterFirebaseFirestoreRegistrar"
129-->[:cloud_firestore] AndroidManifest.xml:10:17-134
130                android:value="com.google.firebase.components.ComponentRegistrar" />
130-->[:cloud_firestore] AndroidManifest.xml:11:17-82
131            <meta-data
131-->[:firebase_auth] AndroidManifest.xml:9:13-11:85
132                android:name="com.google.firebase.components:io.flutter.plugins.firebase.auth.FlutterFirebaseAuthRegistrar"
132-->[:firebase_auth] AndroidManifest.xml:10:17-124
133                android:value="com.google.firebase.components.ComponentRegistrar" />
133-->[:firebase_auth] AndroidManifest.xml:11:17-82
134            <meta-data
134-->[:firebase_storage] AndroidManifest.xml:9:13-11:85
135                android:name="com.google.firebase.components:io.flutter.plugins.firebase.storage.FlutterFirebaseAppRegistrar"
135-->[:firebase_storage] AndroidManifest.xml:10:17-126
136                android:value="com.google.firebase.components.ComponentRegistrar" />
136-->[:firebase_storage] AndroidManifest.xml:11:17-82
137            <meta-data
137-->[:firebase_messaging] AndroidManifest.xml:14:13-16:85
138                android:name="com.google.firebase.components:io.flutter.plugins.firebasemessaging.FlutterFirebaseAppRegistrar"
138-->[:firebase_messaging] AndroidManifest.xml:15:17-127
139                android:value="com.google.firebase.components.ComponentRegistrar" />
139-->[:firebase_messaging] AndroidManifest.xml:16:17-82
140            <meta-data
140-->[:firebase_core] AndroidManifest.xml:9:13-11:85
141                android:name="com.google.firebase.components:io.flutter.plugins.firebase.core.FlutterFirebaseCoreRegistrar"
141-->[:firebase_core] AndroidManifest.xml:10:17-124
142                android:value="com.google.firebase.components.ComponentRegistrar" />
142-->[:firebase_core] AndroidManifest.xml:11:17-82
143            <meta-data
143-->[:firebase_ml_vision] AndroidManifest.xml:9:13-11:85
144                android:name="com.google.firebase.components:io.flutter.plugins.firebasemlvision.FlutterFirebaseAppRegistrar"
144-->[:firebase_ml_vision] AndroidManifest.xml:10:17-126
145                android:value="com.google.firebase.components.ComponentRegistrar" />
145-->[:firebase_ml_vision] AndroidManifest.xml:11:17-82
146            <meta-data
146-->[com.google.firebase:firebase-ml-vision:24.1.0] AndroidManifest.xml:12:13-14:85
147                android:name="com.google.firebase.components:com.google.firebase.ml.vision.VisionRegistrar"
147-->[com.google.firebase:firebase-ml-vision:24.1.0] AndroidManifest.xml:13:17-108
148                android:value="com.google.firebase.components.ComponentRegistrar" />
148-->[com.google.firebase:firebase-ml-vision:24.1.0] AndroidManifest.xml:14:17-82
149            <meta-data
149-->[com.google.android.gms:play-services-measurement-api:18.0.0] AndroidManifest.xml:30:13-32:85
150                android:name="com.google.firebase.components:com.google.firebase.analytics.connector.internal.AnalyticsConnectorRegistrar"
150-->[com.google.android.gms:play-services-measurement-api:18.0.0] AndroidManifest.xml:31:17-139
151                android:value="com.google.firebase.components.ComponentRegistrar" />
151-->[com.google.android.gms:play-services-measurement-api:18.0.0] AndroidManifest.xml:32:17-82
152            <meta-data
152-->[com.google.firebase:firebase-ml-common:22.1.2] AndroidManifest.xml:11:13-13:85
153                android:name="com.google.firebase.components:com.google.firebase.ml.common.CommonComponentRegistrar"
153-->[com.google.firebase:firebase-ml-common:22.1.2] AndroidManifest.xml:12:17-117
154                android:value="com.google.firebase.components.ComponentRegistrar" />
154-->[com.google.firebase:firebase-ml-common:22.1.2] AndroidManifest.xml:13:17-82
155            <meta-data
155-->[com.google.firebase:firebase-messaging:20.3.0] AndroidManifest.xml:39:13-41:85
156                android:name="com.google.firebase.components:com.google.firebase.messaging.FirebaseMessagingRegistrar"
156-->[com.google.firebase:firebase-messaging:20.3.0] AndroidManifest.xml:40:17-119
157                android:value="com.google.firebase.components.ComponentRegistrar" />
157-->[com.google.firebase:firebase-messaging:20.3.0] AndroidManifest.xml:41:17-82
158            <meta-data
158-->[com.google.firebase:firebase-iid:20.3.0] AndroidManifest.xml:32:13-34:85
159                android:name="com.google.firebase.components:com.google.firebase.iid.Registrar"
159-->[com.google.firebase:firebase-iid:20.3.0] AndroidManifest.xml:33:17-96
160                android:value="com.google.firebase.components.ComponentRegistrar" />
160-->[com.google.firebase:firebase-iid:20.3.0] AndroidManifest.xml:34:17-82
161            <meta-data
161-->[com.google.firebase:firebase-installations:16.3.3] AndroidManifest.xml:17:13-19:85
162                android:name="com.google.firebase.components:com.google.firebase.installations.FirebaseInstallationsRegistrar"
162-->[com.google.firebase:firebase-installations:16.3.3] AndroidManifest.xml:18:17-127
163                android:value="com.google.firebase.components.ComponentRegistrar" />
163-->[com.google.firebase:firebase-installations:16.3.3] AndroidManifest.xml:19:17-82
164            <meta-data
164-->[com.google.firebase:firebase-auth:19.4.0] AndroidManifest.xml:36:13-38:85
165                android:name="com.google.firebase.components:com.google.firebase.auth.FirebaseAuthRegistrar"
165-->[com.google.firebase:firebase-auth:19.4.0] AndroidManifest.xml:37:17-109
166                android:value="com.google.firebase.components.ComponentRegistrar" />
166-->[com.google.firebase:firebase-auth:19.4.0] AndroidManifest.xml:38:17-82
167            <meta-data
167-->[com.google.firebase:firebase-storage:19.2.0] AndroidManifest.xml:33:13-35:85
168                android:name="com.google.firebase.components:com.google.firebase.storage.StorageRegistrar"
168-->[com.google.firebase:firebase-storage:19.2.0] AndroidManifest.xml:34:17-107
169                android:value="com.google.firebase.components.ComponentRegistrar" />
169-->[com.google.firebase:firebase-storage:19.2.0] AndroidManifest.xml:35:17-82
170            <meta-data
170-->[com.google.firebase:firebase-firestore:21.7.1] AndroidManifest.xml:20:13-22:85
171                android:name="com.google.firebase.components:com.google.firebase.firestore.FirestoreRegistrar"
171-->[com.google.firebase:firebase-firestore:21.7.1] AndroidManifest.xml:21:17-111
172                android:value="com.google.firebase.components.ComponentRegistrar" />
172-->[com.google.firebase:firebase-firestore:21.7.1] AndroidManifest.xml:22:17-82
173            <meta-data
173-->[com.google.firebase:firebase-datatransport:17.0.3] AndroidManifest.xml:28:13-30:85
174                android:name="com.google.firebase.components:com.google.firebase.datatransport.TransportRegistrar"
174-->[com.google.firebase:firebase-datatransport:17.0.3] AndroidManifest.xml:29:17-115
175                android:value="com.google.firebase.components.ComponentRegistrar" />
175-->[com.google.firebase:firebase-datatransport:17.0.3] AndroidManifest.xml:30:17-82
176        </service>
177        <service android:name="io.flutter.plugins.firebasemessaging.FlutterFirebaseMessagingService" >
177-->[:firebase_messaging] AndroidManifest.xml:8:9-12:19
177-->[:firebase_messaging] AndroidManifest.xml:8:18-101
178            <intent-filter>
178-->[:firebase_messaging] AndroidManifest.xml:9:13-11:29
179                <action android:name="com.google.firebase.MESSAGING_EVENT" />
179-->[:firebase_messaging] AndroidManifest.xml:10:17-78
179-->[:firebase_messaging] AndroidManifest.xml:10:25-75
180            </intent-filter>
181        </service>
182
183        <activity
183-->[:url_launcher] AndroidManifest.xml:8:9-11:74
184            android:name="io.flutter.plugins.urllauncher.WebViewActivity"
184-->[:url_launcher] AndroidManifest.xml:9:13-74
185            android:exported="false"
185-->[:url_launcher] AndroidManifest.xml:10:13-37
186            android:theme="@android:style/Theme.NoTitleBar.Fullscreen" />
186-->[:url_launcher] AndroidManifest.xml:11:13-71
187
188        <receiver
188-->[com.google.android.gms:play-services-measurement:18.0.0] AndroidManifest.xml:29:9-33:20
189            android:name="com.google.android.gms.measurement.AppMeasurementReceiver"
189-->[com.google.android.gms:play-services-measurement:18.0.0] AndroidManifest.xml:30:13-85
190            android:enabled="true"
190-->[com.google.android.gms:play-services-measurement:18.0.0] AndroidManifest.xml:31:13-35
191            android:exported="false" >
191-->[com.google.android.gms:play-services-measurement:18.0.0] AndroidManifest.xml:32:13-37
192        </receiver>
193
194        <service
194-->[com.google.android.gms:play-services-measurement:18.0.0] AndroidManifest.xml:35:9-38:40
195            android:name="com.google.android.gms.measurement.AppMeasurementService"
195-->[com.google.android.gms:play-services-measurement:18.0.0] AndroidManifest.xml:36:13-84
196            android:enabled="true"
196-->[com.google.android.gms:play-services-measurement:18.0.0] AndroidManifest.xml:37:13-35
197            android:exported="false" />
197-->[com.google.android.gms:play-services-measurement:18.0.0] AndroidManifest.xml:38:13-37
198        <service
198-->[com.google.android.gms:play-services-measurement:18.0.0] AndroidManifest.xml:39:9-43:72
199            android:name="com.google.android.gms.measurement.AppMeasurementJobService"
199-->[com.google.android.gms:play-services-measurement:18.0.0] AndroidManifest.xml:40:13-87
200            android:enabled="true"
200-->[com.google.android.gms:play-services-measurement:18.0.0] AndroidManifest.xml:41:13-35
201            android:exported="false"
201-->[com.google.android.gms:play-services-measurement:18.0.0] AndroidManifest.xml:42:13-37
202            android:permission="android.permission.BIND_JOB_SERVICE" />
202-->[com.google.android.gms:play-services-measurement:18.0.0] AndroidManifest.xml:43:13-69
203
204        <activity
204-->[com.google.android.gms:play-services-auth:16.0.1] AndroidManifest.xml:23:9-27:75
205            android:name="com.google.android.gms.auth.api.signin.internal.SignInHubActivity"
205-->[com.google.android.gms:play-services-auth:16.0.1] AndroidManifest.xml:24:13-93
206            android:excludeFromRecents="true"
206-->[com.google.android.gms:play-services-auth:16.0.1] AndroidManifest.xml:25:13-46
207            android:exported="false"
207-->[com.google.android.gms:play-services-auth:16.0.1] AndroidManifest.xml:26:13-37
208            android:theme="@android:style/Theme.Translucent.NoTitleBar" />
208-->[com.google.android.gms:play-services-auth:16.0.1] AndroidManifest.xml:27:13-72
209        <!--
210            Service handling Google Sign-In user revocation. For apps that do not integrate with
211            Google Sign-In, this service will never be started.
212        -->
213        <service
213-->[com.google.android.gms:play-services-auth:16.0.1] AndroidManifest.xml:33:9-36:110
214            android:name="com.google.android.gms.auth.api.signin.RevocationBoundService"
214-->[com.google.android.gms:play-services-auth:16.0.1] AndroidManifest.xml:34:13-89
215            android:exported="true"
215-->[com.google.android.gms:play-services-auth:16.0.1] AndroidManifest.xml:35:13-36
216            android:permission="com.google.android.gms.auth.api.signin.permission.REVOCATION_NOTIFICATION" /> <!-- Needs to be explicitly declared on P+ -->
216-->[com.google.android.gms:play-services-auth:16.0.1] AndroidManifest.xml:36:13-107
217        <uses-library
217-->[com.google.android.gms:play-services-maps:17.0.0] AndroidManifest.xml:33:9-35:40
218            android:name="org.apache.http.legacy"
218-->[com.google.android.gms:play-services-maps:17.0.0] AndroidManifest.xml:34:13-50
219            android:required="false" />
219-->[com.google.android.gms:play-services-maps:17.0.0] AndroidManifest.xml:35:13-37
220        <!--
221             FirebaseMessagingService performs security checks at runtime,
222             but set to not exported to explicitly avoid allowing another app to call it.
223        -->
224        <service
224-->[com.google.firebase:firebase-messaging:20.3.0] AndroidManifest.xml:28:9-35:19
225            android:name="com.google.firebase.messaging.FirebaseMessagingService"
225-->[com.google.firebase:firebase-messaging:20.3.0] AndroidManifest.xml:29:13-82
226            android:directBootAware="true"
226-->[com.google.firebase:firebase-messaging:20.3.0] AndroidManifest.xml:30:13-43
227            android:exported="false" >
227-->[com.google.firebase:firebase-messaging:20.3.0] AndroidManifest.xml:31:13-37
228            <intent-filter android:priority="-500" >
228-->[:firebase_messaging] AndroidManifest.xml:9:13-11:29
229                <action android:name="com.google.firebase.MESSAGING_EVENT" />
229-->[:firebase_messaging] AndroidManifest.xml:10:17-78
229-->[:firebase_messaging] AndroidManifest.xml:10:25-75
230            </intent-filter>
231        </service>
232
233        <receiver
233-->[com.google.firebase:firebase-iid:20.3.0] AndroidManifest.xml:37:9-44:20
234            android:name="com.google.firebase.iid.FirebaseInstanceIdReceiver"
234-->[com.google.firebase:firebase-iid:20.3.0] AndroidManifest.xml:38:13-78
235            android:exported="true"
235-->[com.google.firebase:firebase-iid:20.3.0] AndroidManifest.xml:39:13-36
236            android:permission="com.google.android.c2dm.permission.SEND" >
236-->[com.google.firebase:firebase-iid:20.3.0] AndroidManifest.xml:40:13-73
237            <intent-filter>
237-->[com.google.firebase:firebase-iid:20.3.0] AndroidManifest.xml:41:13-43:29
238                <action android:name="com.google.android.c2dm.intent.RECEIVE" />
238-->[com.google.firebase:firebase-iid:20.3.0] AndroidManifest.xml:42:17-81
238-->[com.google.firebase:firebase-iid:20.3.0] AndroidManifest.xml:42:25-78
239            </intent-filter>
240        </receiver>
241
242        <activity
242-->[com.google.firebase:firebase-auth:19.4.0] AndroidManifest.xml:24:9-31:50
243            android:name="com.google.firebase.auth.internal.FederatedSignInActivity"
243-->[com.google.firebase:firebase-auth:19.4.0] AndroidManifest.xml:25:13-85
244            android:excludeFromRecents="true"
244-->[com.google.firebase:firebase-auth:19.4.0] AndroidManifest.xml:26:13-46
245            android:exported="true"
245-->[com.google.firebase:firebase-auth:19.4.0] AndroidManifest.xml:27:13-36
246            android:launchMode="singleTask"
246-->[com.google.firebase:firebase-auth:19.4.0] AndroidManifest.xml:28:13-44
247            android:permission="com.google.firebase.auth.api.gms.permission.LAUNCH_FEDERATED_SIGN_IN"
247-->[com.google.firebase:firebase-auth:19.4.0] AndroidManifest.xml:29:13-102
248            android:theme="@android:style/Theme.Translucent.NoTitleBar" />
248-->[com.google.firebase:firebase-auth:19.4.0] AndroidManifest.xml:30:13-72
249        <activity
249-->[com.google.android.gms:play-services-base:17.1.0] AndroidManifest.xml:23:9-26:75
250            android:name="com.google.android.gms.common.api.GoogleApiActivity"
250-->[com.google.android.gms:play-services-base:17.1.0] AndroidManifest.xml:24:13-79
251            android:exported="false"
251-->[com.google.android.gms:play-services-base:17.1.0] AndroidManifest.xml:25:13-37
252            android:theme="@android:style/Theme.Translucent.NoTitleBar" />
252-->[com.google.android.gms:play-services-base:17.1.0] AndroidManifest.xml:26:13-72
253
254        <provider
254-->[com.google.firebase:firebase-common:19.3.1] AndroidManifest.xml:26:9-31:39
255            android:name="com.google.firebase.provider.FirebaseInitProvider"
255-->[com.google.firebase:firebase-common:19.3.1] AndroidManifest.xml:27:13-77
256            android:authorities="com.virelic.qpv_client_app.firebaseinitprovider"
256-->[com.google.firebase:firebase-common:19.3.1] AndroidManifest.xml:28:13-72
257            android:directBootAware="true"
257-->[com.google.firebase:firebase-common:19.3.1] AndroidManifest.xml:29:13-43
258            android:exported="false"
258-->[com.google.firebase:firebase-common:19.3.1] AndroidManifest.xml:30:13-37
259            android:initOrder="100" />
259-->[com.google.firebase:firebase-common:19.3.1] AndroidManifest.xml:31:13-36
260
261        <meta-data
261-->[com.google.android.gms:play-services-basement:17.0.0] AndroidManifest.xml:23:9-25:69
262            android:name="com.google.android.gms.version"
262-->[com.google.android.gms:play-services-basement:17.0.0] AndroidManifest.xml:24:13-58
263            android:value="@integer/google_play_services_version" />
263-->[com.google.android.gms:play-services-basement:17.0.0] AndroidManifest.xml:25:13-66
264
265        <activity android:name="com.facebook.CustomTabMainActivity" />
265-->[com.facebook.android:facebook-common:5.5.1] AndroidManifest.xml:33:9-71
265-->[com.facebook.android:facebook-common:5.5.1] AndroidManifest.xml:33:19-68
266        <!--
267         The initialization ContentProvider will call FacebookSdk.sdkInitialize automatically
268         with the application context. This config is merged in with the host app's manifest,
269         but there can only be one provider with the same authority activated at any given
270         point; so if the end user has two or more different apps that use Facebook SDK, only the
271         first one will be able to use the provider. To work around this problem, we use the
272         following placeholder in the authority to identify each host application as if it was
273         a completely different provider.
274        -->
275        <provider
275-->[com.facebook.android:facebook-core:5.5.1] AndroidManifest.xml:39:9-42:40
276            android:name="com.facebook.internal.FacebookInitProvider"
276-->[com.facebook.android:facebook-core:5.5.1] AndroidManifest.xml:40:13-70
277            android:authorities="com.virelic.qpv_client_app.FacebookInitProvider"
277-->[com.facebook.android:facebook-core:5.5.1] AndroidManifest.xml:41:13-72
278            android:exported="false" />
278-->[com.facebook.android:facebook-core:5.5.1] AndroidManifest.xml:42:13-37
279
280        <receiver
280-->[com.facebook.android:facebook-core:5.5.1] AndroidManifest.xml:44:9-50:20
281            android:name="com.facebook.CurrentAccessTokenExpirationBroadcastReceiver"
281-->[com.facebook.android:facebook-core:5.5.1] AndroidManifest.xml:45:13-86
282            android:exported="false" >
282-->[com.facebook.android:facebook-core:5.5.1] AndroidManifest.xml:46:13-37
283            <intent-filter>
283-->[com.facebook.android:facebook-core:5.5.1] AndroidManifest.xml:47:13-49:29
284                <action android:name="com.facebook.sdk.ACTION_CURRENT_ACCESS_TOKEN_CHANGED" />
284-->[com.facebook.android:facebook-core:5.5.1] AndroidManifest.xml:48:17-95
284-->[com.facebook.android:facebook-core:5.5.1] AndroidManifest.xml:48:25-92
285            </intent-filter>
286        </receiver>